<?xml version="1.0" encoding="UTF-8"?>
<testng-results skipped="0" failed="0" ignored="0" total="1" passed="1">
  <reporter-output>
  </reporter-output>
  <suite name="Default suite" duration-ms="30379" started-at="2019-12-24T10:48:05Z" finished-at="2019-12-24T10:48:35Z">
    <groups>
    </groups>
    <test name="Default test" duration-ms="30379" started-at="2019-12-24T10:48:05Z" finished-at="2019-12-24T10:48:35Z">
      <class name="com.mercury.tours.Drag_Drop_Example">
        <test-method status="PASS" signature="LaunchBrowser()[pri:0, instance:com.mercury.tours.Drag_Drop_Example@482f8f11]" name="LaunchBrowser" is-config="true" duration-ms="23275" started-at="2019-12-24T10:48:05Z" finished-at="2019-12-24T10:48:28Z">
          <reporter-output>
          </reporter-output>
        </test-method> <!-- LaunchBrowser -->
        <test-method status="PASS" signature="Sign_On()[pri:0, instance:com.mercury.tours.Drag_Drop_Example@482f8f11]" name="Sign_On" duration-ms="5431" started-at="2019-12-24T10:48:28Z" finished-at="2019-12-24T10:48:33Z">
          <reporter-output>
          </reporter-output>
        </test-method> <!-- Sign_On -->
        <test-method status="PASS" signature="CloseBrowser()[pri:0, instance:com.mercury.tours.Drag_Drop_Example@482f8f11]" name="CloseBrowser" is-config="true" duration-ms="1637" started-at="2019-12-24T10:48:33Z" finished-at="2019-12-24T10:48:35Z">
          <reporter-output>
          </reporter-output>
        </test-method> <!-- CloseBrowser -->
      </class> <!-- com.mercury.tours.Drag_Drop_Example -->
    </test> <!-- Default test -->
  </suite> <!-- Default suite -->
</testng-results>
